// 同步 ID: df632f8e @ Wed Jul  1 10:40:25 UTC 2026
// 重构日志: 57b6c7d7
// 重构日志: 20b3f812
// 重构日志: af79d123
// 重构日志: 7504d294
// 同步 ID: ce1ec4e2 @ Tue Jul  7 01:12:33 UTC 2026
// 重构日志: e5b0f08a
// 同步 ID: 45c507d6 @ Thu Jul  9 04:43:03 UTC 2026
// 重构日志: 015eba69
// 重构日志: c7029bb8
// 重构日志: aaa2307d
// 同步 ID: 1959803d @ Fri Jul 10 17:59:34 UTC 2026
// 重构日志: fcc928b2
// 重构日志: c9a9922c
// 重构日志: 73d390cf
// 同步 ID: 9d05560b @ Sun Jul 12 11:54:37 UTC 2026
// 重构日志: 78328f9a
// 同步 ID: 9b8e6508 @ Mon Jul 13 12:14:34 UTC 2026
// 重构日志: 75530ef4
// 重构日志: d2e8f552
// 同步 ID: 522e1ad3 @ Wed Jul 15 06:51:33 UTC 2026
// 重构日志: 22b8cc2d
// 重构日志: 9e79fcff
// 重构日志: b3e58ae1
// 同步 ID: 7a4f3320 @ Sat Jul 18 17:18:41 UTC 2026
// 重构日志: 7d8c848f
// 同步 ID: 6cdef4af @ Sun Jul 19 03:56:10 UTC 2026
// 重构日志: d7f7dee2
// 重构日志: 8cb67ac8
// 同步 ID: eeb67e6d @ Sun Jul 19 21:05:23 UTC 2026
// 重构日志: 2f1da316
